<?xml version="1.0" encoding="utf-8"?><testsuites name="pytest tests"><testsuite name="pytest" errors="0" failures="0" skipped="0" tests="9" time="1.033" timestamp="2026-07-20T16:50:35.071167+00:00" hostname="agent-env-8533057d-ca48-4712-926c-4b36c07a0108"><testcase classname="tests.backend_test.TestHealth" name="test_root" time="0.208" /><testcase classname="tests.backend_test.TestLeads" name="test_create_lead_and_persist" time="0.269" /><testcase classname="tests.backend_test.TestHealth" name="test_health" time="0.083" /><testcase classname="tests.backend_test.TestLeads" name="test_create_lead_invalid_phone" time="0.086" /><testcase classname="tests.backend_test.TestContacts" name="test_create_contact_and_persist" time="0.136" /><testcase classname="tests.backend_test.TestLeads" name="test_create_lead_missing_name" time="0.043" /><testcase classname="tests.backend_test.TestCallbacks" name="test_create_callback" time="0.135" /><testcase classname="tests.backend_test.TestContacts" name="test_create_contact_invalid_email" time="0.046" /><testcase classname="tests.backend_test.TestCallbacks" name="test_create_callback_invalid_phone" time="0.044" /></testsuite></testsuites>