<?xml version="1.0" encoding="utf-8"?><testsuites name="pytest tests"><testsuite name="pytest" errors="0" failures="1" skipped="0" tests="56" time="89.581" timestamp="2026-07-20T20:54:58.371951+00:00" hostname="agent-env-8533057d-ca48-4712-926c-4b36c07a0108"><testcase classname="tests.backend_test.TestBulkBlog" name="test_bulk_without_token_returns_401" time="0.261" /><testcase classname="tests.backend_test.TestBlogAudit" name="test_audit_endpoint_without_token_returns_401" time="0.213" /><testcase classname="tests.backend_test.TestBlogAudit" name="test_create_writes_created_row" time="0.194" /><testcase classname="tests.backend_test.TestBulkBlog" name="test_bulk_invalid_action_returns_400" time="0.205" /><testcase classname="tests.backend_test.TestBlogAudit" name="test_update_non_published_writes_updated_row_with_changed_fields" time="0.284" /><testcase classname="tests.backend_test.TestBulkBlog" name="test_bulk_empty_slugs_returns_422" time="0.135" /><testcase classname="tests.backend_test.TestBulkBlog" name="test_bulk_over_cap_returns_422" time="0.090" /><testcase classname="tests.backend_test.TestBulkBlog" name="test_bulk_publish_two_drafts_writes_two_audit_rows" time="0.823" /><testcase classname="tests.backend_test.TestBlogAudit" name="test_publish_toggle_writes_published_then_unpublished" time="0.374" /><testcase classname="tests.backend_test.TestBlogAudit" name="test_delete_writes_deleted_row_with_snapshot_title" time="0.563" /><testcase classname="tests.backend_test.TestBulkBlog" name="test_bulk_unpublish_with_ghost_slug_partial_failure" time="0.631" /><testcase classname="tests.backend_test.TestBlogAudit" name="test_audit_filter_by_slug_isolates_rows" time="0.372" /><testcase classname="tests.backend_test.TestBlogAudit" name="test_audit_global_list_sorted_desc_and_respects_limit" time="0.389" /><testcase classname="tests.backend_test.TestBulkBlog" name="test_bulk_delete_two_slugs_then_repeat_all_not_found" time="0.567" /><testcase classname="tests.backend_test.TestBlogAudit" name="test_different_sessions_produce_different_actor_hashes" time="0.476" /><testcase classname="tests.backend_test.TestBulkBlog" name="test_audit_row_count_full_lifecycle" time="0.555" /><testcase classname="tests.backend_test.TestBlogAudit" name="test_token_never_leaks_into_audit_rows" time="0.262" /><testcase classname="tests.backend_test.TestBlogAdmin" name="test_create_without_token_returns_401" time="0.085" /><testcase classname="tests.backend_test.TestBlogAdmin" name="test_create_with_valid_token_returns_201_and_get_works" time="0.634" /><testcase classname="tests.backend_test.TestBulkBlog" name="test_bulk_publish_all_ghost_slugs_returns_ok_false" time="0.098" /><testcase classname="tests.backend_test.TestAdminSession" name="test_login_wrong_password" time="0.043" /><testcase classname="tests.backend_test.TestAdminSession" name="test_login_returns_opaque_random_token" time="0.048" /><testcase classname="tests.backend_test.TestAdminSession" name="test_raw_password_as_token_rejected" time="0.047" /><testcase classname="tests.backend_test.TestAdminSession" name="test_two_logins_return_different_tokens_both_valid" time="0.358" /><testcase classname="tests.backend_test.TestAdminSession" name="test_logout_invalidates_token" time="0.195" /><testcase classname="tests.backend_test.TestBlogAdmin" name="test_duplicate_slug_returns_409" time="0.319" /><testcase classname="tests.backend_test.TestAdminSession" name="test_logout_without_token_401" time="0.048" /><testcase classname="tests.backend_test.TestBlogPublic" name="test_list_returns_at_least_8_and_shape" time="0.047" /><testcase classname="tests.backend_test.TestBlogPublic" name="test_list_behaviour_category" time="0.042" /><testcase classname="tests.backend_test.TestBlogPublic" name="test_get_specific_post_full_body" time="0.045" /><testcase classname="tests.backend_test.TestBlogAdmin" name="test_invalid_slug_pattern_returns_422" time="0.355" /><testcase classname="tests.backend_test.TestBlogPublic" name="test_get_nonexistent_slug_returns_404" time="0.089" /><testcase classname="tests.backend_test.TestBlogPublic" name="test_related_returns_3_excluding_current" time="0.051" /><testcase classname="tests.backend_test.TestAdminLeads" name="test_admin_leads_unauthorized" time="0.090" /><testcase classname="tests.backend_test.TestAdminLeads" name="test_admin_leads_authorized" time="0.107" /><testcase classname="tests.backend_test.TestBlogAdmin" name="test_update_and_unpublish_hides_from_public" time="0.447" /><testcase classname="tests.backend_test.TestAdminLeads" name="test_admin_can_see_newly_created_lead_and_patch" time="0.253" /><testcase classname="tests.backend_test.TestAdminLeads" name="test_admin_patch_unauthorized" time="0.051" /><testcase classname="tests.backend_test.TestBlogDigest" name="test_unknown_slug_returns_post_not_found" time="0.178" /><testcase classname="tests.backend_test.TestBlogAdmin" name="test_delete_then_second_delete_returns_404" time="0.260" /><testcase classname="tests.backend_test.TestBlogDigest" name="test_send_and_idempotent_and_force" time="54.272" /><testcase classname="tests.backend_test.TestBlogAdmin" name="test_admin_list_blog_includes_drafts" time="0.328" /><testcase classname="tests.backend_test.TestBlogAdmin" name="test_digest_after_deleting_newest_picks_next_newest" time="21.966"><failure message="AssertionError: assert False is True&#10; +  where False = &lt;built-in method get of dict object at 0xfc98dedab8c0&gt;('ok')&#10; +    where &lt;built-in method get of dict object at 0xfc98dedab8c0&gt; = {'ok': False, 'sent': 0, 'attempted': 28, 'slug': '5-signals-your-mutual-fund-sends-you', ...}.get">backend/tests/backend_test.py:679: in test_digest_after_deleting_newest_picks_next_newest
    assert data.get("ok") is True
E   AssertionError: assert False is True
E    +  where False = &lt;built-in method get of dict object at 0xfc98dedab8c0&gt;('ok')
E    +    where &lt;built-in method get of dict object at 0xfc98dedab8c0&gt; = {'ok': False, 'sent': 0, 'attempted': 28, 'slug': '5-signals-your-mutual-fund-sends-you', ...}.get</failure></testcase><testcase classname="tests.backend_test.TestLeads" name="test_create_lead_and_persist" time="0.192" /><testcase classname="tests.backend_test.TestLeads" name="test_create_lead_invalid_phone" time="0.051" /><testcase classname="tests.backend_test.TestLeads" name="test_create_lead_missing_name" time="0.041" /><testcase classname="tests.backend_test.TestHealth" name="test_root" time="0.059" /><testcase classname="tests.backend_test.TestHealth" name="test_health" time="0.079" /><testcase classname="tests.backend_test.TestContacts" name="test_create_contact_and_persist" time="0.104" /><testcase classname="tests.backend_test.TestContacts" name="test_create_contact_invalid_email" time="0.057" /><testcase classname="tests.backend_test.TestCallbacks" name="test_create_callback" time="0.046" /><testcase classname="tests.backend_test.TestCallbacks" name="test_create_callback_invalid_phone" time="0.046" /><testcase classname="tests.backend_test.TestChat" name="test_chat_reply_and_history" time="22.962" /><testcase classname="tests.backend_test.TestChat" name="test_chat_missing_session" time="0.041" /><testcase classname="tests.backend_test.TestBlogDigest" name="test_history_contains_sent_digest" time="29.679" /><testcase classname="tests.backend_test.TestBlogDigest" name="test_digest_endpoints_require_auth" time="0.093" /></testsuite></testsuites>